{"level":"\u001b[32minfo\u001b[39m","message":"\u001b[32mSession update - ID: e5974a07-55c5-4b9d-8925-9fc6e10bc254\u001b[39m","operation":"update","sessionId":"e5974a07-55c5-4b9d-8925-9fc6e10bc254","success":true,"timestamp":"2025-10-25 15:51:04:514"}
{"level":"\u001b[32minfo\u001b[39m","message":"\u001b[32mSession update - ID: e5974a07-55c5-4b9d-8925-9fc6e10bc254\u001b[39m","operation":"update","sessionId":"e5974a07-55c5-4b9d-8925-9fc6e10bc254","success":true,"timestamp":"2025-10-25 15:51:04:514"}
{"level":"\u001b[32minfo\u001b[39m","message":"\u001b[32mSession read - ID: e5974a07-55c5-4b9d-8925-9fc6e10bc254\u001b[39m","operation":"read","sessionId":"e5974a07-55c5-4b9d-8925-9fc6e10bc254","success":true,"timestamp":"2025-10-25 15:51:06:516"}
{"level":"\u001b[32minfo\u001b[39m","message":"\u001b[32mSession update - ID: e5974a07-55c5-4b9d-8925-9fc6e10bc254\u001b[39m","operation":"update","sessionId":"e5974a07-55c5-4b9d-8925-9fc6e10bc254","success":true,"timestamp":"2025-10-25 15:51:16:5116"}
{"level":"\u001b[32minfo\u001b[39m","message":"\u001b[32mSession read - ID: e5974a07-55c5-4b9d-8925-9fc6e10bc254\u001b[39m","operation":"read","sessionId":"e5974a07-55c5-4b9d-8925-9fc6e10bc254","success":true,"timestamp":"2025-10-25 15:51:16:5116"}
{"level":"\u001b[32minfo\u001b[39m","message":"\u001b[32mSession update - ID: e5974a07-55c5-4b9d-8925-9fc6e10bc254\u001b[39m","operation":"update","sessionId":"e5974a07-55c5-4b9d-8925-9fc6e10bc254","success":true,"timestamp":"2025-10-25 15:51:26:5126"}
{"level":"\u001b[32minfo\u001b[39m","message":"\u001b[32mSession read - ID: e5974a07-55c5-4b9d-8925-9fc6e10bc254\u001b[39m","operation":"read","sessionId":"e5974a07-55c5-4b9d-8925-9fc6e10bc254","success":true,"timestamp":"2025-10-25 15:51:27:5127"}
{"level":"\u001b[32minfo\u001b[39m","message":"\u001b[32mSession update - ID: e5974a07-55c5-4b9d-8925-9fc6e10bc254\u001b[39m","operation":"update","sessionId":"e5974a07-55c5-4b9d-8925-9fc6e10bc254","success":true,"timestamp":"2025-10-25 15:51:37:5137"}
{"level":"\u001b[32minfo\u001b[39m","message":"\u001b[32mSession read - ID: e5974a07-55c5-4b9d-8925-9fc6e10bc254\u001b[39m","operation":"read","sessionId":"e5974a07-55c5-4b9d-8925-9fc6e10bc254","success":true,"timestamp":"2025-10-25 15:51:37:5137"}
{"level":"\u001b[32minfo\u001b[39m","message":"\u001b[32mSession update - ID: e5974a07-55c5-4b9d-8925-9fc6e10bc254\u001b[39m","operation":"update","sessionId":"e5974a07-55c5-4b9d-8925-9fc6e10bc254","success":true,"timestamp":"2025-10-25 15:51:48:5148"}
{"level":"\u001b[32minfo\u001b[39m","message":"\u001b[32mSession read - ID: e5974a07-55c5-4b9d-8925-9fc6e10bc254\u001b[39m","operation":"read","sessionId":"e5974a07-55c5-4b9d-8925-9fc6e10bc254","success":true,"timestamp":"2025-10-25 15:51:48:5148"}
{"level":"\u001b[32minfo\u001b[39m","message":"\u001b[32mSession update - ID: e5974a07-55c5-4b9d-8925-9fc6e10bc254\u001b[39m","operation":"update","sessionId":"e5974a07-55c5-4b9d-8925-9fc6e10bc254","success":true,"timestamp":"2025-10-25 15:51:58:5158"}
{"level":"\u001b[32minfo\u001b[39m","message":"\u001b[32mSession read - ID: e5974a07-55c5-4b9d-8925-9fc6e10bc254\u001b[39m","operation":"read","sessionId":"e5974a07-55c5-4b9d-8925-9fc6e10bc254","success":true,"timestamp":"2025-10-25 15:51:58:5158"}
{"level":"\u001b[32minfo\u001b[39m","message":"\u001b[32mSession update - ID: e5974a07-55c5-4b9d-8925-9fc6e10bc254\u001b[39m","operation":"update","sessionId":"e5974a07-55c5-4b9d-8925-9fc6e10bc254","success":true,"timestamp":"2025-10-25 15:52:09:529"}
{"level":"\u001b[32minfo\u001b[39m","message":"\u001b[32mSession read - ID: e5974a07-55c5-4b9d-8925-9fc6e10bc254\u001b[39m","operation":"read","sessionId":"e5974a07-55c5-4b9d-8925-9fc6e10bc254","success":true,"timestamp":"2025-10-25 15:52:09:529"}
{"level":"\u001b[32minfo\u001b[39m","message":"\u001b[32mSession read - ID: 550e8400-e29b-41d4-a716-446655440000\u001b[39m","operation":"read","sessionId":"550e8400-e29b-41d4-a716-446655440000","success":true,"timestamp":"2025-10-25 15:52:21:5221"}
{"level":"\u001b[32minfo\u001b[39m","message":"\u001b[32mSession read - ID: 550e8400-e29b-41d4-a716-446655440000\u001b[39m","operation":"read","sessionId":"550e8400-e29b-41d4-a716-446655440000","success":true,"timestamp":"2025-10-25 15:52:22:5222"}
{"level":"\u001b[32minfo\u001b[39m","message":"\u001b[32mSession read - ID: 550e8400-e29b-41d4-a716-446655440000\u001b[39m","operation":"read","sessionId":"550e8400-e29b-41d4-a716-446655440000","success":true,"timestamp":"2025-10-25 15:52:28:5228"}
{"error":"[\n  {\n    \"origin\": \"string\",\n    \"code\": \"invalid_format\",\n    \"format\": \"uuid\",\n    \"pattern\": \"/^([0-9a-fA-F]{8}-[0-9a-fA-F]{4}-[1-8][0-9a-fA-F]{3}-[89abAB][0-9a-fA-F]{3}-[0-9a-fA-F]{12}|00000000-0000-0000-0000-000000000000|ffffffff-ffff-ffff-ffff-ffffffffffff)$/\",\n    \"path\": [],\n    \"message\": \"Invalid session ID format\"\n  }\n]","level":"\u001b[33mwarn\u001b[39m","message":"\u001b[33mValidation failed for sessionId: [\u001b[39m\n\u001b[33m  {\u001b[39m\n\u001b[33m    \"origin\": \"string\",\u001b[39m\n\u001b[33m    \"code\": \"invalid_format\",\u001b[39m\n\u001b[33m    \"format\": \"uuid\",\u001b[39m\n\u001b[33m    \"pattern\": \"/^([0-9a-fA-F]{8}-[0-9a-fA-F]{4}-[1-8][0-9a-fA-F]{3}-[89abAB][0-9a-fA-F]{3}-[0-9a-fA-F]{12}|00000000-0000-0000-0000-000000000000|ffffffff-ffff-ffff-ffff-ffffffffffff)$/\",\u001b[39m\n\u001b[33m    \"path\": [],\u001b[39m\n\u001b[33m    \"message\": \"Invalid session ID format\"\u001b[39m\n\u001b[33m  }\u001b[39m\n\u001b[33m]\u001b[39m","timestamp":"2025-10-25 15:52:30:5230","type":"sessionId","value":"test-calculations-session"}
{"level":"\u001b[32minfo\u001b[39m","message":"\u001b[32mSession update - ID: 9f971091-3f0d-47e5-ba4d-9c9ff36f8c05\u001b[39m","operation":"update","sessionId":"9f971091-3f0d-47e5-ba4d-9c9ff36f8c05","success":true,"timestamp":"2025-10-25 15:52:35:5235"}
{"level":"\u001b[32minfo\u001b[39m","message":"\u001b[32mSession read - ID: 9f971091-3f0d-47e5-ba4d-9c9ff36f8c05\u001b[39m","operation":"read","sessionId":"9f971091-3f0d-47e5-ba4d-9c9ff36f8c05","success":true,"timestamp":"2025-10-25 15:52:36:5236"}
{"level":"\u001b[32minfo\u001b[39m","message":"\u001b[32mSession read - ID: 9f971091-3f0d-47e5-ba4d-9c9ff36f8c05\u001b[39m","operation":"read","sessionId":"9f971091-3f0d-47e5-ba4d-9c9ff36f8c05","success":true,"timestamp":"2025-10-25 15:52:40:5240"}
{"level":"\u001b[32minfo\u001b[39m","message":"\u001b[32mSession read - ID: 9f971091-3f0d-47e5-ba4d-9c9ff36f8c05\u001b[39m","operation":"read","sessionId":"9f971091-3f0d-47e5-ba4d-9c9ff36f8c05","success":true,"timestamp":"2025-10-25 15:52:44:5244"}
{"level":"\u001b[32minfo\u001b[39m","message":"\u001b[32mSession read - ID: 9f971091-3f0d-47e5-ba4d-9c9ff36f8c05\u001b[39m","operation":"read","sessionId":"9f971091-3f0d-47e5-ba4d-9c9ff36f8c05","success":true,"timestamp":"2025-10-25 15:52:48:5248"}
{"error":"[\n  {\n    \"origin\": \"string\",\n    \"code\": \"invalid_format\",\n    \"format\": \"uuid\",\n    \"pattern\": \"/^([0-9a-fA-F]{8}-[0-9a-fA-F]{4}-[1-8][0-9a-fA-F]{3}-[89abAB][0-9a-fA-F]{3}-[0-9a-fA-F]{12}|00000000-0000-0000-0000-000000000000|ffffffff-ffff-ffff-ffff-ffffffffffff)$/\",\n    \"path\": [],\n    \"message\": \"Invalid session ID format\"\n  }\n]","level":"\u001b[33mwarn\u001b[39m","message":"\u001b[33mValidation failed for sessionId: [\u001b[39m\n\u001b[33m  {\u001b[39m\n\u001b[33m    \"origin\": \"string\",\u001b[39m\n\u001b[33m    \"code\": \"invalid_format\",\u001b[39m\n\u001b[33m    \"format\": \"uuid\",\u001b[39m\n\u001b[33m    \"pattern\": \"/^([0-9a-fA-F]{8}-[0-9a-fA-F]{4}-[1-8][0-9a-fA-F]{3}-[89abAB][0-9a-fA-F]{3}-[0-9a-fA-F]{12}|00000000-0000-0000-0000-000000000000|ffffffff-ffff-ffff-ffff-ffffffffffff)$/\",\u001b[39m\n\u001b[33m    \"path\": [],\u001b[39m\n\u001b[33m    \"message\": \"Invalid session ID format\"\u001b[39m\n\u001b[33m  }\u001b[39m\n\u001b[33m]\u001b[39m","timestamp":"2025-10-25 15:52:53:5253","type":"sessionId","value":"invalid-session-123"}
{"error":"[\n  {\n    \"origin\": \"number\",\n    \"code\": \"too_small\",\n    \"minimum\": 0,\n    \"inclusive\": false,\n    \"path\": [\n      0,\n      \"Qty\"\n    ],\n    \"message\": \"Quantity must be positive number\"\n  },\n  {\n    \"origin\": \"string\",\n    \"code\": \"too_small\",\n    \"minimum\": 1,\n    \"inclusive\": true,\n    \"path\": [\n      0,\n      \"Item\"\n    ],\n    \"message\": \"Item name cannot be empty\"\n  }\n]","level":"\u001b[33mwarn\u001b[39m","message":"\u001b[33mValidation failed for receiptData: [\u001b[39m\n\u001b[33m  {\u001b[39m\n\u001b[33m    \"origin\": \"number\",\u001b[39m\n\u001b[33m    \"code\": \"too_small\",\u001b[39m\n\u001b[33m    \"minimum\": 0,\u001b[39m\n\u001b[33m    \"inclusive\": false,\u001b[39m\n\u001b[33m    \"path\": [\u001b[39m\n\u001b[33m      0,\u001b[39m\n\u001b[33m      \"Qty\"\u001b[39m\n\u001b[33m    ],\u001b[39m\n\u001b[33m    \"message\": \"Quantity must be positive number\"\u001b[39m\n\u001b[33m  },\u001b[39m\n\u001b[33m  {\u001b[39m\n\u001b[33m    \"origin\": \"string\",\u001b[39m\n\u001b[33m    \"code\": \"too_small\",\u001b[39m\n\u001b[33m    \"minimum\": 1,\u001b[39m\n\u001b[33m    \"inclusive\": true,\u001b[39m\n\u001b[33m    \"path\": [\u001b[39m\n\u001b[33m      0,\u001b[39m\n\u001b[33m      \"Item\"\u001b[39m\n\u001b[33m    ],\u001b[39m\n\u001b[33m    \"message\": \"Item name cannot be empty\"\u001b[39m\n\u001b[33m  }\u001b[39m\n\u001b[33m]\u001b[39m","timestamp":"2025-10-25 15:52:57:5257","type":"receiptData","value":"[{\"#\":1,\"Qty\":-1,\"Unit\":\"pcs\",\"Price\":5.99,\"Art\":\"ART001\",\"Item\":\"\",\"Net\":11.98,\"VAT\":0,\"Total\":11.98}]"}
{"error":"Session not found","level":"\u001b[31merror\u001b[39m","message":"\u001b[31mSession read - ID: f4d44c71-ca62-4eb9-9ccc-44ed6a94acb4\u001b[39m","operation":"read","sessionId":"f4d44c71-ca62-4eb9-9ccc-44ed6a94acb4","success":false,"timestamp":"2025-10-25 15:52:58:5258"}
{"level":"\u001b[32minfo\u001b[39m","message":"\u001b[32mSession read - ID: 550e8400-e29b-41d4-a716-446655440099\u001b[39m","operation":"read","sessionId":"550e8400-e29b-41d4-a716-446655440099","success":true,"timestamp":"2025-10-25 15:53:02:532"}
{"level":"\u001b[32minfo\u001b[39m","message":"\u001b[32mSession read - ID: 550e8400-e29b-41d4-a716-446655440099\u001b[39m","operation":"read","sessionId":"550e8400-e29b-41d4-a716-446655440099","success":true,"timestamp":"2025-10-25 15:53:13:5313"}
{"level":"\u001b[32minfo\u001b[39m","message":"\u001b[32mSession read - ID: 550e8400-e29b-41d4-a716-446655440099\u001b[39m","operation":"read","sessionId":"550e8400-e29b-41d4-a716-446655440099","success":true,"timestamp":"2025-10-25 15:53:23:5323"}
{"level":"\u001b[32minfo\u001b[39m","message":"\u001b[32mSession update - ID: d1541b5a-b839-4535-a0cd-a6b773ca51f4\u001b[39m","operation":"update","sessionId":"d1541b5a-b839-4535-a0cd-a6b773ca51f4","success":true,"timestamp":"2025-10-25 15:53:34:5334"}
{"level":"\u001b[32minfo\u001b[39m","message":"\u001b[32mSession read - ID: d1541b5a-b839-4535-a0cd-a6b773ca51f4\u001b[39m","operation":"read","sessionId":"d1541b5a-b839-4535-a0cd-a6b773ca51f4","success":true,"timestamp":"2025-10-25 15:53:34:5334"}
{"level":"\u001b[32minfo\u001b[39m","message":"\u001b[32mSession read - ID: d1541b5a-b839-4535-a0cd-a6b773ca51f4\u001b[39m","operation":"read","sessionId":"d1541b5a-b839-4535-a0cd-a6b773ca51f4","success":true,"timestamp":"2025-10-25 15:53:45:5345"}
{"level":"\u001b[32minfo\u001b[39m","message":"\u001b[32mSession read - ID: 550e8400-e29b-41d4-a716-446655440000\u001b[39m","operation":"read","sessionId":"550e8400-e29b-41d4-a716-446655440000","success":true,"timestamp":"2025-10-25 15:53:56:5356"}
{"level":"\u001b[32minfo\u001b[39m","message":"\u001b[32mSession read - ID: 550e8400-e29b-41d4-a716-446655440000\u001b[39m","operation":"read","sessionId":"550e8400-e29b-41d4-a716-446655440000","success":true,"timestamp":"2025-10-25 15:54:02:542"}
{"level":"\u001b[32minfo\u001b[39m","message":"\u001b[32mSession read - ID: 550e8400-e29b-41d4-a716-446655440000\u001b[39m","operation":"read","sessionId":"550e8400-e29b-41d4-a716-446655440000","success":true,"timestamp":"2025-10-25 15:54:07:547"}
{"level":"\u001b[32minfo\u001b[39m","message":"\u001b[32mSession read - ID: 550e8400-e29b-41d4-a716-446655440000\u001b[39m","operation":"read","sessionId":"550e8400-e29b-41d4-a716-446655440000","success":true,"timestamp":"2025-10-25 15:54:13:5413"}
{"level":"\u001b[32minfo\u001b[39m","message":"\u001b[32mSession read - ID: 550e8400-e29b-41d4-a716-446655440000\u001b[39m","operation":"read","sessionId":"550e8400-e29b-41d4-a716-446655440000","success":true,"timestamp":"2025-10-25 15:54:15:5415"}
{"level":"\u001b[32minfo\u001b[39m","message":"\u001b[32mSession read - ID: 550e8400-e29b-41d4-a716-446655440000\u001b[39m","operation":"read","sessionId":"550e8400-e29b-41d4-a716-446655440000","success":true,"timestamp":"2025-10-25 15:54:21:5421"}
{"level":"\u001b[32minfo\u001b[39m","message":"\u001b[32mSession read - ID: 550e8400-e29b-41d4-a716-446655440000\u001b[39m","operation":"read","sessionId":"550e8400-e29b-41d4-a716-446655440000","success":true,"timestamp":"2025-10-25 15:54:27:5427"}
{"level":"\u001b[32minfo\u001b[39m","message":"\u001b[32mSession read - ID: 550e8400-e29b-41d4-a716-446655440000\u001b[39m","operation":"read","sessionId":"550e8400-e29b-41d4-a716-446655440000","success":true,"timestamp":"2025-10-25 15:54:28:5428"}
{"level":"\u001b[32minfo\u001b[39m","message":"\u001b[32mSession read - ID: 550e8400-e29b-41d4-a716-446655440000\u001b[39m","operation":"read","sessionId":"550e8400-e29b-41d4-a716-446655440000","success":true,"timestamp":"2025-10-25 15:54:34:5434"}
{"level":"\u001b[32minfo\u001b[39m","message":"\u001b[32mSession read - ID: 550e8400-e29b-41d4-a716-446655440000\u001b[39m","operation":"read","sessionId":"550e8400-e29b-41d4-a716-446655440000","success":true,"timestamp":"2025-10-25 15:54:40:5440"}
{"level":"\u001b[32minfo\u001b[39m","message":"\u001b[32mSession read - ID: 550e8400-e29b-41d4-a716-446655440000\u001b[39m","operation":"read","sessionId":"550e8400-e29b-41d4-a716-446655440000","success":true,"timestamp":"2025-10-25 15:54:48:5448"}
{"level":"\u001b[32minfo\u001b[39m","message":"\u001b[32mSession read - ID: 550e8400-e29b-41d4-a716-446655440000\u001b[39m","operation":"read","sessionId":"550e8400-e29b-41d4-a716-446655440000","success":true,"timestamp":"2025-10-25 15:54:53:5453"}
{"level":"\u001b[32minfo\u001b[39m","message":"\u001b[32mSession read - ID: 550e8400-e29b-41d4-a716-446655440000\u001b[39m","operation":"read","sessionId":"550e8400-e29b-41d4-a716-446655440000","success":true,"timestamp":"2025-10-25 15:54:59:5459"}
{"level":"\u001b[32minfo\u001b[39m","message":"\u001b[32mSession read - ID: 550e8400-e29b-41d4-a716-446655440000\u001b[39m","operation":"read","sessionId":"550e8400-e29b-41d4-a716-446655440000","success":true,"timestamp":"2025-10-25 15:55:04:554"}
{"level":"\u001b[32minfo\u001b[39m","message":"\u001b[32mSession read - ID: 550e8400-e29b-41d4-a716-446655440000\u001b[39m","operation":"read","sessionId":"550e8400-e29b-41d4-a716-446655440000","success":true,"timestamp":"2025-10-25 15:55:10:5510"}
{"level":"\u001b[32minfo\u001b[39m","message":"\u001b[32mSession read - ID: 550e8400-e29b-41d4-a716-446655440000\u001b[39m","operation":"read","sessionId":"550e8400-e29b-41d4-a716-446655440000","success":true,"timestamp":"2025-10-25 15:55:15:5515"}
{"level":"\u001b[32minfo\u001b[39m","message":"\u001b[32mSession read - ID: 550e8400-e29b-41d4-a716-446655440000\u001b[39m","operation":"read","sessionId":"550e8400-e29b-41d4-a716-446655440000","success":true,"timestamp":"2025-10-25 15:55:20:5520"}
{"level":"\u001b[32minfo\u001b[39m","message":"\u001b[32mSession update - ID: 3c2ab48d-7213-4a02-b294-d831d21008f9\u001b[39m","operation":"update","sessionId":"3c2ab48d-7213-4a02-b294-d831d21008f9","success":true,"timestamp":"2025-10-25 15:55:26:5526"}
{"level":"\u001b[32minfo\u001b[39m","message":"\u001b[32mSession read - ID: 3c2ab48d-7213-4a02-b294-d831d21008f9\u001b[39m","operation":"read","sessionId":"3c2ab48d-7213-4a02-b294-d831d21008f9","success":true,"timestamp":"2025-10-25 15:55:27:5527"}
{"level":"\u001b[32minfo\u001b[39m","message":"\u001b[32mSession read - ID: 3c2ab48d-7213-4a02-b294-d831d21008f9\u001b[39m","operation":"read","sessionId":"3c2ab48d-7213-4a02-b294-d831d21008f9","success":true,"timestamp":"2025-10-25 15:55:32:5532"}
{"level":"\u001b[32minfo\u001b[39m","message":"\u001b[32mSession read - ID: 3c2ab48d-7213-4a02-b294-d831d21008f9\u001b[39m","operation":"read","sessionId":"3c2ab48d-7213-4a02-b294-d831d21008f9","success":true,"timestamp":"2025-10-25 15:55:36:5536"}
{"level":"\u001b[32minfo\u001b[39m","message":"\u001b[32mSession read - ID: 3c2ab48d-7213-4a02-b294-d831d21008f9\u001b[39m","operation":"read","sessionId":"3c2ab48d-7213-4a02-b294-d831d21008f9","success":true,"timestamp":"2025-10-25 15:55:40:5540"}
{"level":"\u001b[32minfo\u001b[39m","message":"\u001b[32mSession read - ID: 3c2ab48d-7213-4a02-b294-d831d21008f9\u001b[39m","operation":"read","sessionId":"3c2ab48d-7213-4a02-b294-d831d21008f9","success":true,"timestamp":"2025-10-25 15:55:45:5545"}
{"level":"\u001b[32minfo\u001b[39m","message":"\u001b[32mSession read - ID: 3c2ab48d-7213-4a02-b294-d831d21008f9\u001b[39m","operation":"read","sessionId":"3c2ab48d-7213-4a02-b294-d831d21008f9","success":true,"timestamp":"2025-10-25 15:55:49:5549"}
{"level":"\u001b[32minfo\u001b[39m","message":"\u001b[32mSession read - ID: 3c2ab48d-7213-4a02-b294-d831d21008f9\u001b[39m","operation":"read","sessionId":"3c2ab48d-7213-4a02-b294-d831d21008f9","success":true,"timestamp":"2025-10-25 15:55:49:5549"}
{"level":"\u001b[32minfo\u001b[39m","message":"\u001b[32mSession read - ID: 3c2ab48d-7213-4a02-b294-d831d21008f9\u001b[39m","operation":"read","sessionId":"3c2ab48d-7213-4a02-b294-d831d21008f9","success":true,"timestamp":"2025-10-25 15:55:50:5550"}
{"level":"\u001b[32minfo\u001b[39m","message":"\u001b[32mSession read - ID: 3c2ab48d-7213-4a02-b294-d831d21008f9\u001b[39m","operation":"read","sessionId":"3c2ab48d-7213-4a02-b294-d831d21008f9","success":true,"timestamp":"2025-10-25 15:55:54:5554"}
{"level":"\u001b[32minfo\u001b[39m","message":"\u001b[32mSession update - ID: 3c2ab48d-7213-4a02-b294-d831d21008f9\u001b[39m","operation":"update","sessionId":"3c2ab48d-7213-4a02-b294-d831d21008f9","success":true,"timestamp":"2025-10-25 15:55:54:5554"}
{"level":"\u001b[32minfo\u001b[39m","message":"\u001b[32mSession read - ID: 3c2ab48d-7213-4a02-b294-d831d21008f9\u001b[39m","operation":"read","sessionId":"3c2ab48d-7213-4a02-b294-d831d21008f9","success":true,"timestamp":"2025-10-25 15:55:55:5555"}
{"level":"\u001b[32minfo\u001b[39m","message":"\u001b[32mSession read - ID: 3c2ab48d-7213-4a02-b294-d831d21008f9\u001b[39m","operation":"read","sessionId":"3c2ab48d-7213-4a02-b294-d831d21008f9","success":true,"timestamp":"2025-10-25 15:55:59:5559"}
{"level":"\u001b[32minfo\u001b[39m","message":"\u001b[32mSession read - ID: 3c2ab48d-7213-4a02-b294-d831d21008f9\u001b[39m","operation":"read","sessionId":"3c2ab48d-7213-4a02-b294-d831d21008f9","success":true,"timestamp":"2025-10-25 15:56:03:563"}
